<?xml version="1.0" encoding="UTF-8"?><testrun name="TestRun (1)" project="siteCore_Assessment_Project_Scenario_One_And_Two" tests="3" started="3" failures="0" errors="1" ignored="0">
  <testsuite name="testRunner.TestRun" time="69.192">
    <testsuite name="SearchFlightsInExpedia" time="26.913">
      <testcase name="Search A Flight Trip on Expedia" classname="SearchFlightsInExpedia" time="26.913">
        <error>org.openqa.selenium.ElementClickInterceptedException: element click intercepted: Element &lt;button type="button" disabled="" class="uitk-button uitk-button-small uitk-flex-item uitk-step-input-button"&gt;...&lt;/button&gt; is not clickable at point (1146, 418). Other element would receive the click: &lt;div class="uitk-flex uitk-flex-item uitk-step-input-controls"&gt;...&lt;/div&gt;
  (Session info: chrome=87.0.4280.141)
Build info: version: '3.141.59', revision: 'e82be7d358', time: '2018-11-14T08:17:03'
System info: host: 'PC31168', ip: '192.168.0.6', os.name: 'Windows 7', os.arch: 'amd64', os.version: '6.1', java.version: '1.8.0_251'
Driver info: org.openqa.selenium.chrome.ChromeDriver
Capabilities {acceptInsecureCerts: false, browserName: chrome, browserVersion: 87.0.4280.141, chrome: {chromedriverVersion: 87.0.4280.88 (89e2380a3e36c..., userDataDir: C:\Users\TEMP.DOMAIN01.001\...}, goog:chromeOptions: {debuggerAddress: localhost:52474}, javascriptEnabled: true, networkConnectionEnabled: false, pageLoadStrategy: normal, platform: WINDOWS, platformName: WINDOWS, proxy: Proxy(), setWindowRect: true, strictFileInteractability: false, timeouts: {implicit: 0, pageLoad: 300000, script: 30000}, unhandledPromptBehavior: dismiss and notify, webauthn:virtualAuthenticators: true}
Session ID: f7fd5bb8bd6b6089143cff7bb8b5092f&#13;
	at sun.reflect.NativeConstructorAccessorImpl.newInstance0(Native Method)&#13;
	at sun.reflect.NativeConstructorAccessorImpl.newInstance(Unknown Source)&#13;
	at sun.reflect.DelegatingConstructorAccessorImpl.newInstance(Unknown Source)&#13;
	at java.lang.reflect.Constructor.newInstance(Unknown Source)&#13;
	at org.openqa.selenium.remote.http.W3CHttpResponseCodec.createException(W3CHttpResponseCodec.java:187)&#13;
	at org.openqa.selenium.remote.http.W3CHttpResponseCodec.decode(W3CHttpResponseCodec.java:122)&#13;
	at org.openqa.selenium.remote.http.W3CHttpResponseCodec.decode(W3CHttpResponseCodec.java:49)&#13;
	at org.openqa.selenium.remote.HttpCommandExecutor.execute(HttpCommandExecutor.java:158)&#13;
	at org.openqa.selenium.remote.service.DriverCommandExecutor.execute(DriverCommandExecutor.java:83)&#13;
	at org.openqa.selenium.remote.RemoteWebDriver.execute(RemoteWebDriver.java:552)&#13;
	at org.openqa.selenium.remote.RemoteWebElement.execute(RemoteWebElement.java:285)&#13;
	at org.openqa.selenium.remote.RemoteWebElement.click(RemoteWebElement.java:84)&#13;
	at sun.reflect.NativeMethodAccessorImpl.invoke0(Native Method)&#13;
	at sun.reflect.NativeMethodAccessorImpl.invoke(Unknown Source)&#13;
	at sun.reflect.DelegatingMethodAccessorImpl.invoke(Unknown Source)&#13;
	at java.lang.reflect.Method.invoke(Unknown Source)&#13;
	at org.openqa.selenium.support.pagefactory.internal.LocatingElementHandler.invoke(LocatingElementHandler.java:51)&#13;
	at com.sun.proxy.$Proxy15.click(Unknown Source)&#13;
	at pageObjects.ExpediaPage.addAChild(ExpediaPage.java:76)&#13;
	at stepDefinitions.Steps_Expedia.add_a_child_for_the_flight(Steps_Expedia.java:65)&#13;
	at âœ½.Add a child for the flight(file:///C:/Users/TEMP.DOMAIN01/eclipse-workspace/siteCore_Assessment_Project_Scenario_One_And_Two/src/test/java/Features/Expedia.feature:9)&#13;
&#13;
</error>
      </testcase>
    </testsuite>
    <testsuite name="GoogleSearch" time="42.273">
      <testcase name="Successful Search of a city on Google #1" classname="GoogleSearch" time="21.185"/>
      <testcase name="Successful Search of a city on Google #2" classname="GoogleSearch" time="21.088"/>
    </testsuite>
  </testsuite>
</testrun>
